Base path: C:/Program Files (x86)/Unity/Editor/Data
Pipe name: \\.\pipe\UnityShaderCompiler-2-6360
Cmd: getPlatforms
Cmd: compileSnippet
  api=9 type=0 insize=986 outsize=721 kw= ok=1
Cmd: compileSnippet
  api=9 type=1 insize=986 outsize=7 kw= ok=1
Cmd: compileSnippet
  api=9 type=1 insize=1203 outsize=7 kw= ok=1
Cmd: compileSnippet
  api=9 type=1 insize=1322 outsize=7 kw= ok=1
Cmd: compileSnippet
  api=9 type=0 insize=1260 outsize=1014 kw= ok=1
Cmd: compileSnippet
  api=9 type=0 insize=1282 outsize=1276 kw= ok=1
Cmd: compileSnippet
  api=9 type=1 insize=1222 outsize=7 kw= ok=1
Cmd: compileSnippet
  api=9 type=1 insize=1218 outsize=7 kw= ok=1
Cmd: compileSnippet
  api=9 type=0 insize=1333 outsize=1049 kw= ok=1
Cmd: compileSnippet
  api=9 type=1 insize=1333 outsize=7 kw= ok=1
Cmd: compileSnippet
  api=9 type=1 insize=942 outsize=7 kw= ok=1
Unhandled exception: Readfile from pipe failed. GLE=O pipe foi finalizado.


Quitting shader compiler process
